# JRE version: Java(TM) SE Runtime Environment (14.0.1+7) (build 14.0.1+7)
# Java VM: Java HotSpot(TM) 64-Bit Server VM (14.0.1+7, mixed mode, sharing, tiered, compressed oops, g1 gc, windows-amd64)
Heap:
 garbage-first heap   total 45056K, used 12953K [0x0000000741c00000, 0x0000000800000000)
  region size 1024K, 3 young (3072K), 2 survivors (2048K)
 Metaspace       used 26331K, capacity 27487K, committed 27824K, reserved 1073152K
  class space    used 3531K, capacity 3984K, committed 4096K, reserved 1048576K
GC Heap History (12 events):
Event: 0.972 GC heap before
{Heap before GC invocations=0 (full 0):
 garbage-first heap   total 196608K, used 13312K [0x0000000741c00000, 0x0000000800000000)
  region size 1024K, 13 young (13312K), 0 survivors (0K)
 Metaspace       used 5691K, capacity 5939K, committed 6272K, reserved 1056768K
  class space    used 692K, capacity 798K, committed 896K, reserved 1048576K
}
Event: 0.980 GC heap after
{Heap after GC invocations=1 (full 0):
 garbage-first heap   total 196608K, used 4435K [0x0000000741c00000, 0x0000000800000000)
  region size 1024K, 2 young (2048K), 2 survivors (2048K)
 Metaspace       used 5691K, capacity 5939K, committed 6272K, reserved 1056768K
  class space    used 692K, capacity 798K, committed 896K, reserved 1048576K
}
Event: 1.354 GC heap before
{Heap before GC invocations=1 (full 0):
 garbage-first heap   total 196608K, used 16723K [0x0000000741c00000, 0x0000000800000000)
  region size 1024K, 14 young (14336K), 2 survivors (2048K)
 Metaspace       used 8357K, capacity 8702K, committed 8960K, reserved 1056768K
  class space    used 1096K, capacity 1254K, committed 1280K, reserved 1048576K
}
Event: 1.358 GC heap after
{Heap after GC invocations=2 (full 0):
 garbage-first heap   total 196608K, used 5657K [0x0000000741c00000, 0x0000000800000000)
  region size 1024K, 1 young (1024K), 1 survivors (1024K)
 Metaspace       used 8357K, capacity 8702K, committed 8960K, reserved 1056768K
  class space    used 1096K, capacity 1254K, committed 1280K, reserved 1048576K
}
Event: 1.810 GC heap before
{Heap before GC invocations=2 (full 0):
 garbage-first heap   total 196608K, used 30233K [0x0000000741c00000, 0x0000000800000000)
  region size 1024K, 26 young (26624K), 1 survivors (1024K)
 Metaspace       used 13594K, capacity 14137K, committed 14464K, reserved 1060864K
  class space    used 1829K, capacity 2060K, committed 2176K, reserved 1048576K
}
Event: 1.814 GC heap after
{Heap after GC invocations=3 (full 0):
 garbage-first heap   total 196608K, used 7099K [0x0000000741c00000, 0x0000000800000000)
  region size 1024K, 3 young (3072K), 3 survivors (3072K)
 Metaspace       used 13594K, capacity 14137K, committed 14464K, reserved 1060864K
  class space    used 1829K, capacity 2060K, committed 2176K, reserved 1048576K
}
Event: 2.807 GC heap before
{Heap before GC invocations=3 (full 0):
 garbage-first heap   total 196608K, used 56251K [0x0000000741c00000, 0x0000000800000000)
  region size 1024K, 52 young (53248K), 3 survivors (3072K)
 Metaspace       used 20259K, capacity 21133K, committed 21296K, reserved 1067008K
  class space    used 2771K, capacity 3134K, committed 3200K, reserved 1048576K
}
Event: 2.815 GC heap after
{Heap after GC invocations=4 (full 0):
 garbage-first heap   total 196608K, used 9974K [0x0000000741c00000, 0x0000000800000000)
  region size 1024K, 6 young (6144K), 6 survivors (6144K)
 Metaspace       used 20259K, capacity 21133K, committed 21296K, reserved 1067008K
  class space    used 2771K, capacity 3134K, committed 3200K, reserved 1048576K
}
Event: 3.115 GC heap before
{Heap before GC invocations=5 (full 0):
 garbage-first heap   total 45056K, used 31478K [0x0000000741c00000, 0x0000000800000000)
  region size 1024K, 27 young (27648K), 6 survivors (6144K)
 Metaspace       used 22946K, capacity 23935K, committed 24240K, reserved 1071104K
  class space    used 3105K, capacity 3485K, committed 3584K, reserved 1048576K
}
Event: 3.126 GC heap after
{Heap after GC invocations=6 (full 0):
 garbage-first heap   total 45056K, used 11718K [0x0000000741c00000, 0x0000000800000000)
  region size 1024K, 2 young (2048K), 2 survivors (2048K)
 Metaspace       used 22946K, capacity 23935K, committed 24240K, reserved 1071104K
  class space    used 3105K, capacity 3485K, committed 3584K, reserved 1048576K
}
Event: 549.491 GC heap before
{Heap before GC invocations=6 (full 0):
 garbage-first heap   total 45056K, used 30150K [0x0000000741c00000, 0x0000000800000000)
  region size 1024K, 21 young (21504K), 2 survivors (2048K)
 Metaspace       used 26207K, capacity 27321K, committed 27440K, reserved 1073152K
  class space    used 3516K, capacity 3950K, committed 3968K, reserved 1048576K
}
Event: 549.497 GC heap after
{Heap after GC invocations=7 (full 0):
 garbage-first heap   total 45056K, used 12953K [0x0000000741c00000, 0x0000000800000000)
  region size 1024K, 2 young (2048K), 2 survivors (2048K)
 Metaspace       used 26207K, capacity 27321K, committed 27440K, reserved 1073152K
  class space    used 3516K, capacity 3950K, committed 3968K, reserved 1048576K
}

